<?xml version="1.0" encoding="UTF-8"?>
<!-- Generated by org.testng.reporters.JUnitXMLReporter -->
<testsuite ignored="0" hostname="DESKTOP-K2TDGE7" failures="0" tests="3" name="Default test" time="17.614" errors="0" timestamp="26 Oct 2021 20:55:28 GMT">
  <testcase classname="com.jabatalks.TestCases" name="Verify_dropdown_Eng" time="5.89"/>
  <testcase classname="com.jabatalks.TestCases" name="Verify_dropdown_Dutch" time="3.899"/>
  <testcase classname="com.jabatalks.TestCases" name="Verify_Email" time="7.805"/>
</testsuite> <!-- Default test -->
