<?xml version="1.0" encoding="UTF-8"?>
<testng-results ignored="0" total="3" passed="3" failed="0" skipped="0">
  <reporter-output>
  </reporter-output>
  <suite started-at="2021-10-26T20:55:11Z" name="Default suite" finished-at="2021-10-26T20:55:28Z" duration-ms="17614">
    <groups>
    </groups>
    <test started-at="2021-10-26T20:55:11Z" name="Default test" finished-at="2021-10-26T20:55:28Z" duration-ms="17614">
      <class name="com.jabatalks.TestCases">
        <test-method signature="Verify_dropdown_Eng()[pri:1, instance:com.jabatalks.TestCases@240237d2]" started-at="2021-10-26T20:55:11Z" name="Verify_dropdown_Eng" finished-at="2021-10-26T20:55:16Z" duration-ms="5890" status="PASS">
          <reporter-output>
          </reporter-output>
        </test-method> <!-- Verify_dropdown_Eng -->
        <test-method signature="Verify_dropdown_Dutch()[pri:2, instance:com.jabatalks.TestCases@240237d2]" started-at="2021-10-26T20:55:16Z" name="Verify_dropdown_Dutch" finished-at="2021-10-26T20:55:20Z" duration-ms="3899" status="PASS">
          <reporter-output>
          </reporter-output>
        </test-method> <!-- Verify_dropdown_Dutch -->
        <test-method signature="Verify_Email()[pri:3, instance:com.jabatalks.TestCases@240237d2]" started-at="2021-10-26T20:55:20Z" name="Verify_Email" finished-at="2021-10-26T20:55:28Z" duration-ms="7805" status="PASS">
          <reporter-output>
          </reporter-output>
        </test-method> <!-- Verify_Email -->
      </class> <!-- com.jabatalks.TestCases -->
    </test> <!-- Default test -->
  </suite> <!-- Default suite -->
</testng-results>
